<?xml version="1.0" encoding="UTF-8"?>
<testng-results ignored="0" total="1" passed="1" failed="0" skipped="0">
  <reporter-output>
  </reporter-output>
  <suite started-at="2023-12-10T09:58:23 IST" name="Default suite" finished-at="2023-12-10T09:58:32 IST" duration-ms="8862">
    <groups>
    </groups>
    <test started-at="2023-12-10T09:58:23 IST" name="Default test" finished-at="2023-12-10T09:58:32 IST" duration-ms="8862">
      <class name="gittest.Googletest">
        <test-method signature="chrome()[pri:0, instance:gittest.Googletest@272113c4]" started-at="2023-12-10T09:58:23 IST" name="chrome" finished-at="2023-12-10T09:58:32 IST" duration-ms="8754" status="PASS">
          <reporter-output>
          </reporter-output>
        </test-method> <!-- chrome -->
      </class> <!-- gittest.Googletest -->
    </test> <!-- Default test -->
  </suite> <!-- Default suite -->
</testng-results>
