<?xml version="1.0" encoding="UTF-8"?>
<testng-results ignored="0" total="1" passed="1" failed="0" skipped="0">
  <reporter-output>
  </reporter-output>
  <suite started-at="2023-12-23T10:52:59 IST" name="Suite" finished-at="2023-12-23T10:53:11 IST" duration-ms="12130">
    <groups>
    </groups>
    <test started-at="2023-12-23T10:52:59 IST" name="Test" finished-at="2023-12-23T10:53:11 IST" duration-ms="12130">
      <class name="gittest.Bingtest">
        <test-method signature="bingtest()[pri:0, instance:gittest.Bingtest@783a467b]" started-at="2023-12-23T10:52:59 IST" name="bingtest" finished-at="2023-12-23T10:53:11 IST" duration-ms="12019" status="PASS">
          <reporter-output>
          </reporter-output>
        </test-method> <!-- bingtest -->
      </class> <!-- gittest.Bingtest -->
    </test> <!-- Test -->
  </suite> <!-- Suite -->
</testng-results>
